<?xml version="1.0" encoding="UTF-8"?>
<testng-results skipped="0" failed="0" ignored="0" total="1" passed="1">
  <reporter-output>
  </reporter-output>
  <suite name="Whatsapp webApp automation" duration-ms="34639" started-at="2020-02-26T09:00:54Z" finished-at="2020-02-26T09:01:29Z">
    <groups>
    </groups>
    <test name="Login Test" duration-ms="34639" started-at="2020-02-26T09:00:54Z" finished-at="2020-02-26T09:01:29Z">
      <class name="com.bridgelabz.testcases.WhatsappWebAppTest">
        <test-method status="PASS" signature="Test()[pri:0, instance:com.bridgelabz.testcases.WhatsappWebAppTest@14bf9759]" name="Test" duration-ms="34615" started-at="2020-02-26T09:00:54Z" finished-at="2020-02-26T09:01:29Z">
          <reporter-output>
          </reporter-output>
        </test-method> <!-- Test -->
      </class> <!-- com.bridgelabz.testcases.WhatsappWebAppTest -->
    </test> <!-- Login Test -->
  </suite> <!-- Whatsapp webApp automation -->
</testng-results>
