<?xml version="1.0" encoding="UTF-8"?>
<!-- Generated by org.testng.reporters.JUnitXMLReporter -->
<testsuite hostname="admin106-desktop" ignored="0" name="Login Test" tests="1" failures="1" timestamp="24 Feb 2020 13:34:44 GMT" time="7.657" errors="0">
  <testcase name="Test" time="0.009" classname="com.bridgelabz.testcases.WhatsappWebAppTest">
    <failure type="java.lang.NullPointerException">
      <![CDATA[java.lang.NullPointerException
at com.bridgelabz.testcases.WhatsappWebAppTest.Test(WhatsappWebAppTest.java:21)
... Removed 25 stack frames]]>
    </failure>
  </testcase> <!-- Test -->
</testsuite> <!-- Login Test -->
